The system is: Linux - 3.13.0-35-generic - x86_64
Compiling the C compiler identification source file "CMakeCCompilerId.c" succeeded.
Compiler: /usr/bin/cc 
Build flags: 
Id flags: 

The output was:
0


Compilation of the C compiler identification source "CMakeCCompilerId.c" produced "a.out"

The C compiler identification is GNU, found in "/home/chris/Documents/Overflows/date11152014/mathgl-2.3.1/CMakeFiles/2.8.12.2/CompilerIdC/a.out"

Compiling the CXX compiler identification source file "CMakeCXXCompilerId.cpp" succeeded.
Compiler: /usr/bin/c++ 
Build flags: 
Id flags: 

The output was:
0


Compilation of the CXX compiler identification source "CMakeCXXCompilerId.cpp" produced "a.out"

The CXX compiler identification is GNU, found in "/home/chris/Documents/Overflows/date11152014/mathgl-2.3.1/CMakeFiles/2.8.12.2/CompilerIdCXX/a.out"

Determining if the C compiler works passed with the following output:
Change Dir: /home/chris/Documents/Overflows/date11152014/mathgl-2.3.1/CMakeFiles/CMakeTmp

Run Build Command:/usr/bin/make "cmTryCompileExec1781303299/fast"
/usr/bin/make -f CMakeFiles/cmTryCompileExec1781303299.dir/build.make CMakeFiles/cmTryCompileExec1781303299.dir/build
make[1]: Entering directory `/home/chris/Documents/Overflows/date11152014/mathgl-2.3.1/CMakeFiles/CMakeTmp'
/usr/bin/cmake -E cmake_progress_report /home/chris/Documents/Overflows/date11152014/mathgl-2.3.1/CMakeFiles/CMakeTmp/CMakeFiles 1
Building C object CMakeFiles/cmTryCompileExec1781303299.dir/testCCompiler.c.o
/usr/bin/cc    -o CMakeFiles/cmTryCompileExec1781303299.dir/testCCompiler.c.o   -c /home/chris/Documents/Overflows/date11152014/mathgl-2.3.1/CMakeFiles/CMakeTmp/testCCompiler.c
Linking C executable cmTryCompileExec1781303299
/usr/bin/cmake -E cmake_link_script CMakeFiles/cmTryCompileExec1781303299.dir/link.txt --verbose=1
/usr/bin/cc       CMakeFiles/cmTryCompileExec1781303299.dir/testCCompiler.c.o  -o cmTryCompileExec1781303299 -rdynamic 
make[1]: Leaving directory `/home/chris/Documents/Overflows/date11152014/mathgl-2.3.1/CMakeFiles/CMakeTmp'


Detecting C compiler ABI info compiled with the following output:
Change Dir: /home/chris/Documents/Overflows/date11152014/mathgl-2.3.1/CMakeFiles/CMakeTmp

Run Build Command:/usr/bin/make "cmTryCompileExec2752759162/fast"
/usr/bin/make -f CMakeFiles/cmTryCompileExec2752759162.dir/build.make CMakeFiles/cmTryCompileExec2752759162.dir/build
make[1]: Entering directory `/home/chris/Documents/Overflows/date11152014/mathgl-2.3.1/CMakeFiles/CMakeTmp'
/usr/bin/cmake -E cmake_progress_report /home/chris/Documents/Overflows/date11152014/mathgl-2.3.1/CMakeFiles/CMakeTmp/CMakeFiles 1
Building C object CMakeFiles/cmTryCompileExec2752759162.dir/CMakeCCompilerABI.c.o
/usr/bin/cc    -o CMakeFiles/cmTryCompileExec2752759162.dir/CMakeCCompilerABI.c.o   -c /usr/share/cmake-2.8/Modules/CMakeCCompilerABI.c
Linking C executable cmTryCompileExec2752759162
/usr/bin/cmake -E cmake_link_script CMakeFiles/cmTryCompileExec2752759162.dir/link.txt --verbose=1
/usr/bin/cc     -v CMakeFiles/cmTryCompileExec2752759162.dir/CMakeCCompilerABI.c.o  -o cmTryCompileExec2752759162 -rdynamic  
Using built-in specs.
COLLECT_GCC=/usr/bin/cc
COLLECT_LTO_WRAPPER=/usr/lib/gcc/x86_64-linux-gnu/4.8/lto-wrapper
Target: x86_64-linux-gnu
Configured with: ../src/configure -v --with-pkgversion='Ubuntu 4.8.2-19ubuntu1' --with-bugurl=file:///usr/share/doc/gcc-4.8/README.Bugs --enable-languages=c,c++,java,go,d,fortran,objc,obj-c++ --prefix=/usr --program-suffix=-4.8 --enable-shared --enable-linker-build-id --libexecdir=/usr/lib --without-included-gettext --enable-threads=posix --with-gxx-include-dir=/usr/include/c++/4.8 --libdir=/usr/lib --enable-nls --with-sysroot=/ --enable-clocale=gnu --enable-libstdcxx-debug --enable-libstdcxx-time=yes --enable-gnu-unique-object --disable-libmudflap --enable-plugin --with-system-zlib --disable-browser-plugin --enable-java-awt=gtk --enable-gtk-cairo --with-java-home=/usr/lib/jvm/java-1.5.0-gcj-4.8-amd64/jre --enable-java-home --with-jvm-root-dir=/usr/lib/jvm/java-1.5.0-gcj-4.8-amd64 --with-jvm-jar-dir=/usr/lib/jvm-exports/java-1.5.0-gcj-4.8-amd64 --with-arch-directory=amd64 --with-ecj-jar=/usr/share/java/eclipse-ecj.jar --enable-objc-gc --enable-multiarch --disable-werror --with-arch-32=i686 --with-abi=m64 --with-multilib-list=m32,m64,mx32 --with-tune=generic --enable-checking=release --build=x86_64-linux-gnu --host=x86_64-linux-gnu --target=x86_64-linux-gnu
Thread model: posix
gcc version 4.8.2 (Ubuntu 4.8.2-19ubuntu1) 
COMPILER_PATH=/usr/lib/gcc/x86_64-linux-gnu/4.8/:/usr/lib/gcc/x86_64-linux-gnu/4.8/:/usr/lib/gcc/x86_64-linux-gnu/:/usr/lib/gcc/x86_64-linux-gnu/4.8/:/usr/lib/gcc/x86_64-linux-gnu/
LIBRARY_PATH=/usr/lib/gcc/x86_64-linux-gnu/4.8/:/usr/lib/gcc/x86_64-linux-gnu/4.8/../../../x86_64-linux-gnu/:/usr/lib/gcc/x86_64-linux-gnu/4.8/../../../../lib/:/lib/x86_64-linux-gnu/:/lib/../lib/:/usr/lib/x86_64-linux-gnu/:/usr/lib/../lib/:/usr/lib/gcc/x86_64-linux-gnu/4.8/../../../:/lib/:/usr/lib/
COLLECT_GCC_OPTIONS='-v' '-o' 'cmTryCompileExec2752759162' '-rdynamic' '-mtune=generic' '-march=x86-64'
 /usr/lib/gcc/x86_64-linux-gnu/4.8/collect2 --sysroot=/ --build-id --eh-frame-hdr -m elf_x86_64 --hash-style=gnu --as-needed -export-dynamic -dynamic-linker /lib64/ld-linux-x86-64.so.2 -z relro -o cmTryCompileExec2752759162 /usr/lib/gcc/x86_64-linux-gnu/4.8/../../../x86_64-linux-gnu/crt1.o /usr/lib/gcc/x86_64-linux-gnu/4.8/../../../x86_64-linux-gnu/crti.o /usr/lib/gcc/x86_64-linux-gnu/4.8/crtbegin.o -L/usr/lib/gcc/x86_64-linux-gnu/4.8 -L/usr/lib/gcc/x86_64-linux-gnu/4.8/../../../x86_64-linux-gnu -L/usr/lib/gcc/x86_64-linux-gnu/4.8/../../../../lib -L/lib/x86_64-linux-gnu -L/lib/../lib -L/usr/lib/x86_64-linux-gnu -L/usr/lib/../lib -L/usr/lib/gcc/x86_64-linux-gnu/4.8/../../.. CMakeFiles/cmTryCompileExec2752759162.dir/CMakeCCompilerABI.c.o -lgcc --as-needed -lgcc_s --no-as-needed -lc -lgcc --as-needed -lgcc_s --no-as-needed /usr/lib/gcc/x86_64-linux-gnu/4.8/crtend.o /usr/lib/gcc/x86_64-linux-gnu/4.8/../../../x86_64-linux-gnu/crtn.o
make[1]: Leaving directory `/home/chris/Documents/Overflows/date11152014/mathgl-2.3.1/CMakeFiles/CMakeTmp'


Parsed C implicit link information from above output:
  link line regex: [^( *|.*[/\])(ld|([^/\]+-)?ld|collect2)[^/\]*( |$)]
  ignore line: [Change Dir: /home/chris/Documents/Overflows/date11152014/mathgl-2.3.1/CMakeFiles/CMakeTmp]
  ignore line: []
  ignore line: [Run Build Command:/usr/bin/make "cmTryCompileExec2752759162/fast"]
  ignore line: [/usr/bin/make -f CMakeFiles/cmTryCompileExec2752759162.dir/build.make CMakeFiles/cmTryCompileExec2752759162.dir/build]
  ignore line: [make[1]: Entering directory `/home/chris/Documents/Overflows/date11152014/mathgl-2.3.1/CMakeFiles/CMakeTmp']
  ignore line: [/usr/bin/cmake -E cmake_progress_report /home/chris/Documents/Overflows/date11152014/mathgl-2.3.1/CMakeFiles/CMakeTmp/CMakeFiles 1]
  ignore line: [Building C object CMakeFiles/cmTryCompileExec2752759162.dir/CMakeCCompilerABI.c.o]
  ignore line: [/usr/bin/cc    -o CMakeFiles/cmTryCompileExec2752759162.dir/CMakeCCompilerABI.c.o   -c /usr/share/cmake-2.8/Modules/CMakeCCompilerABI.c]
  ignore line: [Linking C executable cmTryCompileExec2752759162]
  ignore line: [/usr/bin/cmake -E cmake_link_script CMakeFiles/cmTryCompileExec2752759162.dir/link.txt --verbose=1]
  ignore line: [/usr/bin/cc     -v CMakeFiles/cmTryCompileExec2752759162.dir/CMakeCCompilerABI.c.o  -o cmTryCompileExec2752759162 -rdynamic  ]
  ignore line: [Using built-in specs.]
  ignore line: [COLLECT_GCC=/usr/bin/cc]
  ignore line: [COLLECT_LTO_WRAPPER=/usr/lib/gcc/x86_64-linux-gnu/4.8/lto-wrapper]
  ignore line: [Target: x86_64-linux-gnu]
  ignore line: [Configured with: ../src/configure -v --with-pkgversion='Ubuntu 4.8.2-19ubuntu1' --with-bugurl=file:///usr/share/doc/gcc-4.8/README.Bugs --enable-languages=c,c++,java,go,d,fortran,objc,obj-c++ --prefix=/usr --program-suffix=-4.8 --enable-shared --enable-linker-build-id --libexecdir=/usr/lib --without-included-gettext --enable-threads=posix --with-gxx-include-dir=/usr/include/c++/4.8 --libdir=/usr/lib --enable-nls --with-sysroot=/ --enable-clocale=gnu --enable-libstdcxx-debug --enable-libstdcxx-time=yes --enable-gnu-unique-object --disable-libmudflap --enable-plugin --with-system-zlib --disable-browser-plugin --enable-java-awt=gtk --enable-gtk-cairo --with-java-home=/usr/lib/jvm/java-1.5.0-gcj-4.8-amd64/jre --enable-java-home --with-jvm-root-dir=/usr/lib/jvm/java-1.5.0-gcj-4.8-amd64 --with-jvm-jar-dir=/usr/lib/jvm-exports/java-1.5.0-gcj-4.8-amd64 --with-arch-directory=amd64 --with-ecj-jar=/usr/share/java/eclipse-ecj.jar --enable-objc-gc --enable-multiarch --disable-werror --with-arch-32=i686 --with-abi=m64 --with-multilib-list=m32,m64,mx32 --with-tune=generic --enable-checking=release --build=x86_64-linux-gnu --host=x86_64-linux-gnu --target=x86_64-linux-gnu]
  ignore line: [Thread model: posix]
  ignore line: [gcc version 4.8.2 (Ubuntu 4.8.2-19ubuntu1) ]
  ignore line: [COMPILER_PATH=/usr/lib/gcc/x86_64-linux-gnu/4.8/:/usr/lib/gcc/x86_64-linux-gnu/4.8/:/usr/lib/gcc/x86_64-linux-gnu/:/usr/lib/gcc/x86_64-linux-gnu/4.8/:/usr/lib/gcc/x86_64-linux-gnu/]
  ignore line: [LIBRARY_PATH=/usr/lib/gcc/x86_64-linux-gnu/4.8/:/usr/lib/gcc/x86_64-linux-gnu/4.8/../../../x86_64-linux-gnu/:/usr/lib/gcc/x86_64-linux-gnu/4.8/../../../../lib/:/lib/x86_64-linux-gnu/:/lib/../lib/:/usr/lib/x86_64-linux-gnu/:/usr/lib/../lib/:/usr/lib/gcc/x86_64-linux-gnu/4.8/../../../:/lib/:/usr/lib/]
  ignore line: [COLLECT_GCC_OPTIONS='-v' '-o' 'cmTryCompileExec2752759162' '-rdynamic' '-mtune=generic' '-march=x86-64']
  link line: [ /usr/lib/gcc/x86_64-linux-gnu/4.8/collect2 --sysroot=/ --build-id --eh-frame-hdr -m elf_x86_64 --hash-style=gnu --as-needed -export-dynamic -dynamic-linker /lib64/ld-linux-x86-64.so.2 -z relro -o cmTryCompileExec2752759162 /usr/lib/gcc/x86_64-linux-gnu/4.8/../../../x86_64-linux-gnu/crt1.o /usr/lib/gcc/x86_64-linux-gnu/4.8/../../../x86_64-linux-gnu/crti.o /usr/lib/gcc/x86_64-linux-gnu/4.8/crtbegin.o -L/usr/lib/gcc/x86_64-linux-gnu/4.8 -L/usr/lib/gcc/x86_64-linux-gnu/4.8/../../../x86_64-linux-gnu -L/usr/lib/gcc/x86_64-linux-gnu/4.8/../../../../lib -L/lib/x86_64-linux-gnu -L/lib/../lib -L/usr/lib/x86_64-linux-gnu -L/usr/lib/../lib -L/usr/lib/gcc/x86_64-linux-gnu/4.8/../../.. CMakeFiles/cmTryCompileExec2752759162.dir/CMakeCCompilerABI.c.o -lgcc --as-needed -lgcc_s --no-as-needed -lc -lgcc --as-needed -lgcc_s --no-as-needed /usr/lib/gcc/x86_64-linux-gnu/4.8/crtend.o /usr/lib/gcc/x86_64-linux-gnu/4.8/../../../x86_64-linux-gnu/crtn.o]
    arg [/usr/lib/gcc/x86_64-linux-gnu/4.8/collect2] ==> ignore
    arg [--sysroot=/] ==> ignore
    arg [--build-id] ==> ignore
    arg [--eh-frame-hdr] ==> ignore
    arg [-m] ==> ignore
    arg [elf_x86_64] ==> ignore
    arg [--hash-style=gnu] ==> ignore
    arg [--as-needed] ==> ignore
    arg [-export-dynamic] ==> ignore
    arg [-dynamic-linker] ==> ignore
    arg [/lib64/ld-linux-x86-64.so.2] ==> ignore
    arg [-zrelro] ==> ignore
    arg [-o] ==> ignore
    arg [cmTryCompileExec2752759162] ==> ignore
    arg [/usr/lib/gcc/x86_64-linux-gnu/4.8/../../../x86_64-linux-gnu/crt1.o] ==> ignore
    arg [/usr/lib/gcc/x86_64-linux-gnu/4.8/../../../x86_64-linux-gnu/crti.o] ==> ignore
    arg [/usr/lib/gcc/x86_64-linux-gnu/4.8/crtbegin.o] ==> ignore
    arg [-L/usr/lib/gcc/x86_64-linux-gnu/4.8] ==> dir [/usr/lib/gcc/x86_64-linux-gnu/4.8]
    arg [-L/usr/lib/gcc/x86_64-linux-gnu/4.8/../../../x86_64-linux-gnu] ==> dir [/usr/lib/gcc/x86_64-linux-gnu/4.8/../../../x86_64-linux-gnu]
    arg [-L/usr/lib/gcc/x86_64-linux-gnu/4.8/../../../../lib] ==> dir [/usr/lib/gcc/x86_64-linux-gnu/4.8/../../../../lib]
    arg [-L/lib/x86_64-linux-gnu] ==> dir [/lib/x86_64-linux-gnu]
    arg [-L/lib/../lib] ==> dir [/lib/../lib]
    arg [-L/usr/lib/x86_64-linux-gnu] ==> dir [/usr/lib/x86_64-linux-gnu]
    arg [-L/usr/lib/../lib] ==> dir [/usr/lib/../lib]
    arg [-L/usr/lib/gcc/x86_64-linux-gnu/4.8/../../..] ==> dir [/usr/lib/gcc/x86_64-linux-gnu/4.8/../../..]
    arg [CMakeFiles/cmTryCompileExec2752759162.dir/CMakeCCompilerABI.c.o] ==> ignore
    arg [-lgcc] ==> lib [gcc]
    arg [--as-needed] ==> ignore
    arg [-lgcc_s] ==> lib [gcc_s]
    arg [--no-as-needed] ==> ignore
    arg [-lc] ==> lib [c]
    arg [-lgcc] ==> lib [gcc]
    arg [--as-needed] ==> ignore
    arg [-lgcc_s] ==> lib [gcc_s]
    arg [--no-as-needed] ==> ignore
    arg [/usr/lib/gcc/x86_64-linux-gnu/4.8/crtend.o] ==> ignore
    arg [/usr/lib/gcc/x86_64-linux-gnu/4.8/../../../x86_64-linux-gnu/crtn.o] ==> ignore
  remove lib [gcc]
  remove lib [gcc_s]
  remove lib [gcc]
  remove lib [gcc_s]
  collapse library dir [/usr/lib/gcc/x86_64-linux-gnu/4.8] ==> [/usr/lib/gcc/x86_64-linux-gnu/4.8]
  collapse library dir [/usr/lib/gcc/x86_64-linux-gnu/4.8/../../../x86_64-linux-gnu] ==> [/usr/lib/x86_64-linux-gnu]
  collapse library dir [/usr/lib/gcc/x86_64-linux-gnu/4.8/../../../../lib] ==> [/usr/lib]
  collapse library dir [/lib/x86_64-linux-gnu] ==> [/lib/x86_64-linux-gnu]
  collapse library dir [/lib/../lib] ==> [/lib]
  collapse library dir [/usr/lib/x86_64-linux-gnu] ==> [/usr/lib/x86_64-linux-gnu]
  collapse library dir [/usr/lib/../lib] ==> [/usr/lib]
  collapse library dir [/usr/lib/gcc/x86_64-linux-gnu/4.8/../../..] ==> [/usr/lib]
  implicit libs: [c]
  implicit dirs: [/usr/lib/gcc/x86_64-linux-gnu/4.8;/usr/lib/x86_64-linux-gnu;/usr/lib;/lib/x86_64-linux-gnu;/lib]
  implicit fwks: []


Determining if the CXX compiler works passed with the following output:
Change Dir: /home/chris/Documents/Overflows/date11152014/mathgl-2.3.1/CMakeFiles/CMakeTmp

Run Build Command:/usr/bin/make "cmTryCompileExec962749997/fast"
/usr/bin/make -f CMakeFiles/cmTryCompileExec962749997.dir/build.make CMakeFiles/cmTryCompileExec962749997.dir/build
make[1]: Entering directory `/home/chris/Documents/Overflows/date11152014/mathgl-2.3.1/CMakeFiles/CMakeTmp'
/usr/bin/cmake -E cmake_progress_report /home/chris/Documents/Overflows/date11152014/mathgl-2.3.1/CMakeFiles/CMakeTmp/CMakeFiles 1
Building CXX object CMakeFiles/cmTryCompileExec962749997.dir/testCXXCompiler.cxx.o
/usr/bin/c++     -o CMakeFiles/cmTryCompileExec962749997.dir/testCXXCompiler.cxx.o -c /home/chris/Documents/Overflows/date11152014/mathgl-2.3.1/CMakeFiles/CMakeTmp/testCXXCompiler.cxx
Linking CXX executable cmTryCompileExec962749997
/usr/bin/cmake -E cmake_link_script CMakeFiles/cmTryCompileExec962749997.dir/link.txt --verbose=1
/usr/bin/c++        CMakeFiles/cmTryCompileExec962749997.dir/testCXXCompiler.cxx.o  -o cmTryCompileExec962749997 -rdynamic 
make[1]: Leaving directory `/home/chris/Documents/Overflows/date11152014/mathgl-2.3.1/CMakeFiles/CMakeTmp'


Detecting CXX compiler ABI info compiled with the following output:
Change Dir: /home/chris/Documents/Overflows/date11152014/mathgl-2.3.1/CMakeFiles/CMakeTmp

Run Build Command:/usr/bin/make "cmTryCompileExec1216977574/fast"
/usr/bin/make -f CMakeFiles/cmTryCompileExec1216977574.dir/build.make CMakeFiles/cmTryCompileExec1216977574.dir/build
make[1]: Entering directory `/home/chris/Documents/Overflows/date11152014/mathgl-2.3.1/CMakeFiles/CMakeTmp'
/usr/bin/cmake -E cmake_progress_report /home/chris/Documents/Overflows/date11152014/mathgl-2.3.1/CMakeFiles/CMakeTmp/CMakeFiles 1
Building CXX object CMakeFiles/cmTryCompileExec1216977574.dir/CMakeCXXCompilerABI.cpp.o
/usr/bin/c++     -o CMakeFiles/cmTryCompileExec1216977574.dir/CMakeCXXCompilerABI.cpp.o -c /usr/share/cmake-2.8/Modules/CMakeCXXCompilerABI.cpp
Linking CXX executable cmTryCompileExec1216977574
/usr/bin/cmake -E cmake_link_script CMakeFiles/cmTryCompileExec1216977574.dir/link.txt --verbose=1
/usr/bin/c++      -v CMakeFiles/cmTryCompileExec1216977574.dir/CMakeCXXCompilerABI.cpp.o  -o cmTryCompileExec1216977574 -rdynamic  
Using built-in specs.
COLLECT_GCC=/usr/bin/c++
COLLECT_LTO_WRAPPER=/usr/lib/gcc/x86_64-linux-gnu/4.8/lto-wrapper
Target: x86_64-linux-gnu
Configured with: ../src/configure -v --with-pkgversion='Ubuntu 4.8.2-19ubuntu1' --with-bugurl=file:///usr/share/doc/gcc-4.8/README.Bugs --enable-languages=c,c++,java,go,d,fortran,objc,obj-c++ --prefix=/usr --program-suffix=-4.8 --enable-shared --enable-linker-build-id --libexecdir=/usr/lib --without-included-gettext --enable-threads=posix --with-gxx-include-dir=/usr/include/c++/4.8 --libdir=/usr/lib --enable-nls --with-sysroot=/ --enable-clocale=gnu --enable-libstdcxx-debug --enable-libstdcxx-time=yes --enable-gnu-unique-object --disable-libmudflap --enable-plugin --with-system-zlib --disable-browser-plugin --enable-java-awt=gtk --enable-gtk-cairo --with-java-home=/usr/lib/jvm/java-1.5.0-gcj-4.8-amd64/jre --enable-java-home --with-jvm-root-dir=/usr/lib/jvm/java-1.5.0-gcj-4.8-amd64 --with-jvm-jar-dir=/usr/lib/jvm-exports/java-1.5.0-gcj-4.8-amd64 --with-arch-directory=amd64 --with-ecj-jar=/usr/share/java/eclipse-ecj.jar --enable-objc-gc --enable-multiarch --disable-werror --with-arch-32=i686 --with-abi=m64 --with-multilib-list=m32,m64,mx32 --with-tune=generic --enable-checking=release --build=x86_64-linux-gnu --host=x86_64-linux-gnu --target=x86_64-linux-gnu
Thread model: posix
gcc version 4.8.2 (Ubuntu 4.8.2-19ubuntu1) 
COMPILER_PATH=/usr/lib/gcc/x86_64-linux-gnu/4.8/:/usr/lib/gcc/x86_64-linux-gnu/4.8/:/usr/lib/gcc/x86_64-linux-gnu/:/usr/lib/gcc/x86_64-linux-gnu/4.8/:/usr/lib/gcc/x86_64-linux-gnu/
LIBRARY_PATH=/usr/lib/gcc/x86_64-linux-gnu/4.8/:/usr/lib/gcc/x86_64-linux-gnu/4.8/../../../x86_64-linux-gnu/:/usr/lib/gcc/x86_64-linux-gnu/4.8/../../../../lib/:/lib/x86_64-linux-gnu/:/lib/../lib/:/usr/lib/x86_64-linux-gnu/:/usr/lib/../lib/:/usr/lib/gcc/x86_64-linux-gnu/4.8/../../../:/lib/:/usr/lib/
COLLECT_GCC_OPTIONS='-v' '-o' 'cmTryCompileExec1216977574' '-rdynamic' '-shared-libgcc' '-mtune=generic' '-march=x86-64'
 /usr/lib/gcc/x86_64-linux-gnu/4.8/collect2 --sysroot=/ --build-id --eh-frame-hdr -m elf_x86_64 --hash-style=gnu --as-needed -export-dynamic -dynamic-linker /lib64/ld-linux-x86-64.so.2 -z relro -o cmTryCompileExec1216977574 /usr/lib/gcc/x86_64-linux-gnu/4.8/../../../x86_64-linux-gnu/crt1.o /usr/lib/gcc/x86_64-linux-gnu/4.8/../../../x86_64-linux-gnu/crti.o /usr/lib/gcc/x86_64-linux-gnu/4.8/crtbegin.o -L/usr/lib/gcc/x86_64-linux-gnu/4.8 -L/usr/lib/gcc/x86_64-linux-gnu/4.8/../../../x86_64-linux-gnu -L/usr/lib/gcc/x86_64-linux-gnu/4.8/../../../../lib -L/lib/x86_64-linux-gnu -L/lib/../lib -L/usr/lib/x86_64-linux-gnu -L/usr/lib/../lib -L/usr/lib/gcc/x86_64-linux-gnu/4.8/../../.. CMakeFiles/cmTryCompileExec1216977574.dir/CMakeCXXCompilerABI.cpp.o -lstdc++ -lm -lgcc_s -lgcc -lc -lgcc_s -lgcc /usr/lib/gcc/x86_64-linux-gnu/4.8/crtend.o /usr/lib/gcc/x86_64-linux-gnu/4.8/../../../x86_64-linux-gnu/crtn.o
make[1]: Leaving directory `/home/chris/Documents/Overflows/date11152014/mathgl-2.3.1/CMakeFiles/CMakeTmp'


Parsed CXX implicit link information from above output:
  link line regex: [^( *|.*[/\])(ld|([^/\]+-)?ld|collect2)[^/\]*( |$)]
  ignore line: [Change Dir: /home/chris/Documents/Overflows/date11152014/mathgl-2.3.1/CMakeFiles/CMakeTmp]
  ignore line: []
  ignore line: [Run Build Command:/usr/bin/make "cmTryCompileExec1216977574/fast"]
  ignore line: [/usr/bin/make -f CMakeFiles/cmTryCompileExec1216977574.dir/build.make CMakeFiles/cmTryCompileExec1216977574.dir/build]
  ignore line: [make[1]: Entering directory `/home/chris/Documents/Overflows/date11152014/mathgl-2.3.1/CMakeFiles/CMakeTmp']
  ignore line: [/usr/bin/cmake -E cmake_progress_report /home/chris/Documents/Overflows/date11152014/mathgl-2.3.1/CMakeFiles/CMakeTmp/CMakeFiles 1]
  ignore line: [Building CXX object CMakeFiles/cmTryCompileExec1216977574.dir/CMakeCXXCompilerABI.cpp.o]
  ignore line: [/usr/bin/c++     -o CMakeFiles/cmTryCompileExec1216977574.dir/CMakeCXXCompilerABI.cpp.o -c /usr/share/cmake-2.8/Modules/CMakeCXXCompilerABI.cpp]
  ignore line: [Linking CXX executable cmTryCompileExec1216977574]
  ignore line: [/usr/bin/cmake -E cmake_link_script CMakeFiles/cmTryCompileExec1216977574.dir/link.txt --verbose=1]
  ignore line: [/usr/bin/c++      -v CMakeFiles/cmTryCompileExec1216977574.dir/CMakeCXXCompilerABI.cpp.o  -o cmTryCompileExec1216977574 -rdynamic  ]
  ignore line: [Using built-in specs.]
  ignore line: [COLLECT_GCC=/usr/bin/c++]
  ignore line: [COLLECT_LTO_WRAPPER=/usr/lib/gcc/x86_64-linux-gnu/4.8/lto-wrapper]
  ignore line: [Target: x86_64-linux-gnu]
  ignore line: [Configured with: ../src/configure -v --with-pkgversion='Ubuntu 4.8.2-19ubuntu1' --with-bugurl=file:///usr/share/doc/gcc-4.8/README.Bugs --enable-languages=c,c++,java,go,d,fortran,objc,obj-c++ --prefix=/usr --program-suffix=-4.8 --enable-shared --enable-linker-build-id --libexecdir=/usr/lib --without-included-gettext --enable-threads=posix --with-gxx-include-dir=/usr/include/c++/4.8 --libdir=/usr/lib --enable-nls --with-sysroot=/ --enable-clocale=gnu --enable-libstdcxx-debug --enable-libstdcxx-time=yes --enable-gnu-unique-object --disable-libmudflap --enable-plugin --with-system-zlib --disable-browser-plugin --enable-java-awt=gtk --enable-gtk-cairo --with-java-home=/usr/lib/jvm/java-1.5.0-gcj-4.8-amd64/jre --enable-java-home --with-jvm-root-dir=/usr/lib/jvm/java-1.5.0-gcj-4.8-amd64 --with-jvm-jar-dir=/usr/lib/jvm-exports/java-1.5.0-gcj-4.8-amd64 --with-arch-directory=amd64 --with-ecj-jar=/usr/share/java/eclipse-ecj.jar --enable-objc-gc --enable-multiarch --disable-werror --with-arch-32=i686 --with-abi=m64 --with-multilib-list=m32,m64,mx32 --with-tune=generic --enable-checking=release --build=x86_64-linux-gnu --host=x86_64-linux-gnu --target=x86_64-linux-gnu]
  ignore line: [Thread model: posix]
  ignore line: [gcc version 4.8.2 (Ubuntu 4.8.2-19ubuntu1) ]
  ignore line: [COMPILER_PATH=/usr/lib/gcc/x86_64-linux-gnu/4.8/:/usr/lib/gcc/x86_64-linux-gnu/4.8/:/usr/lib/gcc/x86_64-linux-gnu/:/usr/lib/gcc/x86_64-linux-gnu/4.8/:/usr/lib/gcc/x86_64-linux-gnu/]
  ignore line: [LIBRARY_PATH=/usr/lib/gcc/x86_64-linux-gnu/4.8/:/usr/lib/gcc/x86_64-linux-gnu/4.8/../../../x86_64-linux-gnu/:/usr/lib/gcc/x86_64-linux-gnu/4.8/../../../../lib/:/lib/x86_64-linux-gnu/:/lib/../lib/:/usr/lib/x86_64-linux-gnu/:/usr/lib/../lib/:/usr/lib/gcc/x86_64-linux-gnu/4.8/../../../:/lib/:/usr/lib/]
  ignore line: [COLLECT_GCC_OPTIONS='-v' '-o' 'cmTryCompileExec1216977574' '-rdynamic' '-shared-libgcc' '-mtune=generic' '-march=x86-64']
  link line: [ /usr/lib/gcc/x86_64-linux-gnu/4.8/collect2 --sysroot=/ --build-id --eh-frame-hdr -m elf_x86_64 --hash-style=gnu --as-needed -export-dynamic -dynamic-linker /lib64/ld-linux-x86-64.so.2 -z relro -o cmTryCompileExec1216977574 /usr/lib/gcc/x86_64-linux-gnu/4.8/../../../x86_64-linux-gnu/crt1.o /usr/lib/gcc/x86_64-linux-gnu/4.8/../../../x86_64-linux-gnu/crti.o /usr/lib/gcc/x86_64-linux-gnu/4.8/crtbegin.o -L/usr/lib/gcc/x86_64-linux-gnu/4.8 -L/usr/lib/gcc/x86_64-linux-gnu/4.8/../../../x86_64-linux-gnu -L/usr/lib/gcc/x86_64-linux-gnu/4.8/../../../../lib -L/lib/x86_64-linux-gnu -L/lib/../lib -L/usr/lib/x86_64-linux-gnu -L/usr/lib/../lib -L/usr/lib/gcc/x86_64-linux-gnu/4.8/../../.. CMakeFiles/cmTryCompileExec1216977574.dir/CMakeCXXCompilerABI.cpp.o -lstdc++ -lm -lgcc_s -lgcc -lc -lgcc_s -lgcc /usr/lib/gcc/x86_64-linux-gnu/4.8/crtend.o /usr/lib/gcc/x86_64-linux-gnu/4.8/../../../x86_64-linux-gnu/crtn.o]
    arg [/usr/lib/gcc/x86_64-linux-gnu/4.8/collect2] ==> ignore
    arg [--sysroot=/] ==> ignore
    arg [--build-id] ==> ignore
    arg [--eh-frame-hdr] ==> ignore
    arg [-m] ==> ignore
    arg [elf_x86_64] ==> ignore
    arg [--hash-style=gnu] ==> ignore
    arg [--as-needed] ==> ignore
    arg [-export-dynamic] ==> ignore
    arg [-dynamic-linker] ==> ignore
    arg [/lib64/ld-linux-x86-64.so.2] ==> ignore
    arg [-zrelro] ==> ignore
    arg [-o] ==> ignore
    arg [cmTryCompileExec1216977574] ==> ignore
    arg [/usr/lib/gcc/x86_64-linux-gnu/4.8/../../../x86_64-linux-gnu/crt1.o] ==> ignore
    arg [/usr/lib/gcc/x86_64-linux-gnu/4.8/../../../x86_64-linux-gnu/crti.o] ==> ignore
    arg [/usr/lib/gcc/x86_64-linux-gnu/4.8/crtbegin.o] ==> ignore
    arg [-L/usr/lib/gcc/x86_64-linux-gnu/4.8] ==> dir [/usr/lib/gcc/x86_64-linux-gnu/4.8]
    arg [-L/usr/lib/gcc/x86_64-linux-gnu/4.8/../../../x86_64-linux-gnu] ==> dir [/usr/lib/gcc/x86_64-linux-gnu/4.8/../../../x86_64-linux-gnu]
    arg [-L/usr/lib/gcc/x86_64-linux-gnu/4.8/../../../../lib] ==> dir [/usr/lib/gcc/x86_64-linux-gnu/4.8/../../../../lib]
    arg [-L/lib/x86_64-linux-gnu] ==> dir [/lib/x86_64-linux-gnu]
    arg [-L/lib/../lib] ==> dir [/lib/../lib]
    arg [-L/usr/lib/x86_64-linux-gnu] ==> dir [/usr/lib/x86_64-linux-gnu]
    arg [-L/usr/lib/../lib] ==> dir [/usr/lib/../lib]
    arg [-L/usr/lib/gcc/x86_64-linux-gnu/4.8/../../..] ==> dir [/usr/lib/gcc/x86_64-linux-gnu/4.8/../../..]
    arg [CMakeFiles/cmTryCompileExec1216977574.dir/CMakeCXXCompilerABI.cpp.o] ==> ignore
    arg [-lstdc++] ==> lib [stdc++]
    arg [-lm] ==> lib [m]
    arg [-lgcc_s] ==> lib [gcc_s]
    arg [-lgcc] ==> lib [gcc]
    arg [-lc] ==> lib [c]
    arg [-lgcc_s] ==> lib [gcc_s]
    arg [-lgcc] ==> lib [gcc]
    arg [/usr/lib/gcc/x86_64-linux-gnu/4.8/crtend.o] ==> ignore
    arg [/usr/lib/gcc/x86_64-linux-gnu/4.8/../../../x86_64-linux-gnu/crtn.o] ==> ignore
  remove lib [gcc_s]
  remove lib [gcc]
  remove lib [gcc_s]
  remove lib [gcc]
  collapse library dir [/usr/lib/gcc/x86_64-linux-gnu/4.8] ==> [/usr/lib/gcc/x86_64-linux-gnu/4.8]
  collapse library dir [/usr/lib/gcc/x86_64-linux-gnu/4.8/../../../x86_64-linux-gnu] ==> [/usr/lib/x86_64-linux-gnu]
  collapse library dir [/usr/lib/gcc/x86_64-linux-gnu/4.8/../../../../lib] ==> [/usr/lib]
  collapse library dir [/lib/x86_64-linux-gnu] ==> [/lib/x86_64-linux-gnu]
  collapse library dir [/lib/../lib] ==> [/lib]
  collapse library dir [/usr/lib/x86_64-linux-gnu] ==> [/usr/lib/x86_64-linux-gnu]
  collapse library dir [/usr/lib/../lib] ==> [/usr/lib]
  collapse library dir [/usr/lib/gcc/x86_64-linux-gnu/4.8/../../..] ==> [/usr/lib]
  implicit libs: [stdc++;m;c]
  implicit dirs: [/usr/lib/gcc/x86_64-linux-gnu/4.8;/usr/lib/x86_64-linux-gnu;/usr/lib;/lib/x86_64-linux-gnu;/lib]
  implicit fwks: []


Determining if the include file sys/types.h exists passed with the following output:
Change Dir: /home/chris/Documents/Overflows/date11152014/mathgl-2.3.1/CMakeFiles/CMakeTmp

Run Build Command:/usr/bin/make "cmTryCompileExec2732304931/fast"
/usr/bin/make -f CMakeFiles/cmTryCompileExec2732304931.dir/build.make CMakeFiles/cmTryCompileExec2732304931.dir/build
make[1]: Entering directory `/home/chris/Documents/Overflows/date11152014/mathgl-2.3.1/CMakeFiles/CMakeTmp'
/usr/bin/cmake -E cmake_progress_report /home/chris/Documents/Overflows/date11152014/mathgl-2.3.1/CMakeFiles/CMakeTmp/CMakeFiles 1
Building C object CMakeFiles/cmTryCompileExec2732304931.dir/CheckIncludeFile.c.o
/usr/bin/cc    -o CMakeFiles/cmTryCompileExec2732304931.dir/CheckIncludeFile.c.o   -c /home/chris/Documents/Overflows/date11152014/mathgl-2.3.1/CMakeFiles/CMakeTmp/CheckIncludeFile.c
Linking C executable cmTryCompileExec2732304931
/usr/bin/cmake -E cmake_link_script CMakeFiles/cmTryCompileExec2732304931.dir/link.txt --verbose=1
/usr/bin/cc       CMakeFiles/cmTryCompileExec2732304931.dir/CheckIncludeFile.c.o  -o cmTryCompileExec2732304931 -rdynamic 
make[1]: Leaving directory `/home/chris/Documents/Overflows/date11152014/mathgl-2.3.1/CMakeFiles/CMakeTmp'


Determining if the include file stdint.h exists passed with the following output:
Change Dir: /home/chris/Documents/Overflows/date11152014/mathgl-2.3.1/CMakeFiles/CMakeTmp

Run Build Command:/usr/bin/make "cmTryCompileExec2320785637/fast"
/usr/bin/make -f CMakeFiles/cmTryCompileExec2320785637.dir/build.make CMakeFiles/cmTryCompileExec2320785637.dir/build
make[1]: Entering directory `/home/chris/Documents/Overflows/date11152014/mathgl-2.3.1/CMakeFiles/CMakeTmp'
/usr/bin/cmake -E cmake_progress_report /home/chris/Documents/Overflows/date11152014/mathgl-2.3.1/CMakeFiles/CMakeTmp/CMakeFiles 1
Building C object CMakeFiles/cmTryCompileExec2320785637.dir/CheckIncludeFile.c.o
/usr/bin/cc    -o CMakeFiles/cmTryCompileExec2320785637.dir/CheckIncludeFile.c.o   -c /home/chris/Documents/Overflows/date11152014/mathgl-2.3.1/CMakeFiles/CMakeTmp/CheckIncludeFile.c
Linking C executable cmTryCompileExec2320785637
/usr/bin/cmake -E cmake_link_script CMakeFiles/cmTryCompileExec2320785637.dir/link.txt --verbose=1
/usr/bin/cc       CMakeFiles/cmTryCompileExec2320785637.dir/CheckIncludeFile.c.o  -o cmTryCompileExec2320785637 -rdynamic 
make[1]: Leaving directory `/home/chris/Documents/Overflows/date11152014/mathgl-2.3.1/CMakeFiles/CMakeTmp'


Determining if the include file stddef.h exists passed with the following output:
Change Dir: /home/chris/Documents/Overflows/date11152014/mathgl-2.3.1/CMakeFiles/CMakeTmp

Run Build Command:/usr/bin/make "cmTryCompileExec758417343/fast"
/usr/bin/make -f CMakeFiles/cmTryCompileExec758417343.dir/build.make CMakeFiles/cmTryCompileExec758417343.dir/build
make[1]: Entering directory `/home/chris/Documents/Overflows/date11152014/mathgl-2.3.1/CMakeFiles/CMakeTmp'
/usr/bin/cmake -E cmake_progress_report /home/chris/Documents/Overflows/date11152014/mathgl-2.3.1/CMakeFiles/CMakeTmp/CMakeFiles 1
Building C object CMakeFiles/cmTryCompileExec758417343.dir/CheckIncludeFile.c.o
/usr/bin/cc    -o CMakeFiles/cmTryCompileExec758417343.dir/CheckIncludeFile.c.o   -c /home/chris/Documents/Overflows/date11152014/mathgl-2.3.1/CMakeFiles/CMakeTmp/CheckIncludeFile.c
Linking C executable cmTryCompileExec758417343
/usr/bin/cmake -E cmake_link_script CMakeFiles/cmTryCompileExec758417343.dir/link.txt --verbose=1
/usr/bin/cc       CMakeFiles/cmTryCompileExec758417343.dir/CheckIncludeFile.c.o  -o cmTryCompileExec758417343 -rdynamic 
make[1]: Leaving directory `/home/chris/Documents/Overflows/date11152014/mathgl-2.3.1/CMakeFiles/CMakeTmp'


Determining size of unsigned short passed with the following output:
Change Dir: /home/chris/Documents/Overflows/date11152014/mathgl-2.3.1/CMakeFiles/CMakeTmp

Run Build Command:/usr/bin/make "cmTryCompileExec3149688947/fast"
/usr/bin/make -f CMakeFiles/cmTryCompileExec3149688947.dir/build.make CMakeFiles/cmTryCompileExec3149688947.dir/build
make[1]: Entering directory `/home/chris/Documents/Overflows/date11152014/mathgl-2.3.1/CMakeFiles/CMakeTmp'
/usr/bin/cmake -E cmake_progress_report /home/chris/Documents/Overflows/date11152014/mathgl-2.3.1/CMakeFiles/CMakeTmp/CMakeFiles 1
Building C object CMakeFiles/cmTryCompileExec3149688947.dir/CMAKE_SIZEOF_UNSIGNED_SHORT.c.o
/usr/bin/cc    -o CMakeFiles/cmTryCompileExec3149688947.dir/CMAKE_SIZEOF_UNSIGNED_SHORT.c.o   -c /home/chris/Documents/Overflows/date11152014/mathgl-2.3.1/CMakeFiles/CheckTypeSize/CMAKE_SIZEOF_UNSIGNED_SHORT.c
Linking C executable cmTryCompileExec3149688947
/usr/bin/cmake -E cmake_link_script CMakeFiles/cmTryCompileExec3149688947.dir/link.txt --verbose=1
/usr/bin/cc       CMakeFiles/cmTryCompileExec3149688947.dir/CMAKE_SIZEOF_UNSIGNED_SHORT.c.o  -o cmTryCompileExec3149688947 -rdynamic 
make[1]: Leaving directory `/home/chris/Documents/Overflows/date11152014/mathgl-2.3.1/CMakeFiles/CMakeTmp'


Determining if the function memrchr exists passed with the following output:
Change Dir: /home/chris/Documents/Overflows/date11152014/mathgl-2.3.1/CMakeFiles/CMakeTmp

Run Build Command:/usr/bin/make "cmTryCompileExec3630813972/fast"
/usr/bin/make -f CMakeFiles/cmTryCompileExec3630813972.dir/build.make CMakeFiles/cmTryCompileExec3630813972.dir/build
make[1]: Entering directory `/home/chris/Documents/Overflows/date11152014/mathgl-2.3.1/CMakeFiles/CMakeTmp'
/usr/bin/cmake -E cmake_progress_report /home/chris/Documents/Overflows/date11152014/mathgl-2.3.1/CMakeFiles/CMakeTmp/CMakeFiles 1
Building C object CMakeFiles/cmTryCompileExec3630813972.dir/CheckFunctionExists.c.o
/usr/bin/cc   -DCHECK_FUNCTION_EXISTS=memrchr   -o CMakeFiles/cmTryCompileExec3630813972.dir/CheckFunctionExists.c.o   -c /usr/share/cmake-2.8/Modules/CheckFunctionExists.c
Linking C executable cmTryCompileExec3630813972
/usr/bin/cmake -E cmake_link_script CMakeFiles/cmTryCompileExec3630813972.dir/link.txt --verbose=1
/usr/bin/cc   -DCHECK_FUNCTION_EXISTS=memrchr    CMakeFiles/cmTryCompileExec3630813972.dir/CheckFunctionExists.c.o  -o cmTryCompileExec3630813972 -rdynamic 
make[1]: Leaving directory `/home/chris/Documents/Overflows/date11152014/mathgl-2.3.1/CMakeFiles/CMakeTmp'


Determining if the function sin exists passed with the following output:
Change Dir: /home/chris/Documents/Overflows/date11152014/mathgl-2.3.1/CMakeFiles/CMakeTmp

Run Build Command:/usr/bin/make "cmTryCompileExec257902336/fast"
/usr/bin/make -f CMakeFiles/cmTryCompileExec257902336.dir/build.make CMakeFiles/cmTryCompileExec257902336.dir/build
make[1]: Entering directory `/home/chris/Documents/Overflows/date11152014/mathgl-2.3.1/CMakeFiles/CMakeTmp'
/usr/bin/cmake -E cmake_progress_report /home/chris/Documents/Overflows/date11152014/mathgl-2.3.1/CMakeFiles/CMakeTmp/CMakeFiles 1
Building C object CMakeFiles/cmTryCompileExec257902336.dir/CheckFunctionExists.c.o
/usr/bin/cc   -DCHECK_FUNCTION_EXISTS=sin   -o CMakeFiles/cmTryCompileExec257902336.dir/CheckFunctionExists.c.o   -c /usr/share/cmake-2.8/Modules/CheckFunctionExists.c
<command-line>:0:23: warning: conflicting types for built-in function ‘sin’ [enabled by default]
/usr/share/cmake-2.8/Modules/CheckFunctionExists.c:3:6: note: in expansion of macro ‘CHECK_FUNCTION_EXISTS’
 char CHECK_FUNCTION_EXISTS();
      ^
Linking C executable cmTryCompileExec257902336
/usr/bin/cmake -E cmake_link_script CMakeFiles/cmTryCompileExec257902336.dir/link.txt --verbose=1
/usr/bin/cc   -DCHECK_FUNCTION_EXISTS=sin    CMakeFiles/cmTryCompileExec257902336.dir/CheckFunctionExists.c.o  -o cmTryCompileExec257902336 -rdynamic -lm 
make[1]: Leaving directory `/home/chris/Documents/Overflows/date11152014/mathgl-2.3.1/CMakeFiles/CMakeTmp'


Performing C++ SOURCE FILE Test MGL_HAVE_C99_COMPLEX succeded with the following output:
Change Dir: /home/chris/Documents/Overflows/date11152014/mathgl-2.3.1/CMakeFiles/CMakeTmp

Run Build Command:/usr/bin/make "cmTryCompileExec3382051602/fast"
/usr/bin/make -f CMakeFiles/cmTryCompileExec3382051602.dir/build.make CMakeFiles/cmTryCompileExec3382051602.dir/build
make[1]: Entering directory `/home/chris/Documents/Overflows/date11152014/mathgl-2.3.1/CMakeFiles/CMakeTmp'
/usr/bin/cmake -E cmake_progress_report /home/chris/Documents/Overflows/date11152014/mathgl-2.3.1/CMakeFiles/CMakeTmp/CMakeFiles 1
Building CXX object CMakeFiles/cmTryCompileExec3382051602.dir/src.cxx.o
/usr/bin/c++    -DMGL_HAVE_C99_COMPLEX   -o CMakeFiles/cmTryCompileExec3382051602.dir/src.cxx.o -c /home/chris/Documents/Overflows/date11152014/mathgl-2.3.1/CMakeFiles/CMakeTmp/src.cxx
Linking CXX executable cmTryCompileExec3382051602
/usr/bin/cmake -E cmake_link_script CMakeFiles/cmTryCompileExec3382051602.dir/link.txt --verbose=1
/usr/bin/c++    -DMGL_HAVE_C99_COMPLEX    CMakeFiles/cmTryCompileExec3382051602.dir/src.cxx.o  -o cmTryCompileExec3382051602 -rdynamic 
make[1]: Leaving directory `/home/chris/Documents/Overflows/date11152014/mathgl-2.3.1/CMakeFiles/CMakeTmp'

Source file was:
#include <complex>
#include <complex.h>
int main(int argc, char *args[])
{std::complex<double> c(2.0, 1.0);
double _Complex *a = reinterpret_cast<double _Complex *>(&c);
std::complex<double> b(*a);return 0;}
Performing C++ SOURCE FILE Test MGL_HAVE_NAN_INF succeded with the following output:
Change Dir: /home/chris/Documents/Overflows/date11152014/mathgl-2.3.1/CMakeFiles/CMakeTmp

Run Build Command:/usr/bin/make "cmTryCompileExec1449197689/fast"
/usr/bin/make -f CMakeFiles/cmTryCompileExec1449197689.dir/build.make CMakeFiles/cmTryCompileExec1449197689.dir/build
make[1]: Entering directory `/home/chris/Documents/Overflows/date11152014/mathgl-2.3.1/CMakeFiles/CMakeTmp'
/usr/bin/cmake -E cmake_progress_report /home/chris/Documents/Overflows/date11152014/mathgl-2.3.1/CMakeFiles/CMakeTmp/CMakeFiles 1
Building CXX object CMakeFiles/cmTryCompileExec1449197689.dir/src.cxx.o
/usr/bin/c++    -DMGL_HAVE_NAN_INF   -o CMakeFiles/cmTryCompileExec1449197689.dir/src.cxx.o -c /home/chris/Documents/Overflows/date11152014/mathgl-2.3.1/CMakeFiles/CMakeTmp/src.cxx
Linking CXX executable cmTryCompileExec1449197689
/usr/bin/cmake -E cmake_link_script CMakeFiles/cmTryCompileExec1449197689.dir/link.txt --verbose=1
/usr/bin/c++    -DMGL_HAVE_NAN_INF    CMakeFiles/cmTryCompileExec1449197689.dir/src.cxx.o  -o cmTryCompileExec1449197689 -rdynamic 
make[1]: Leaving directory `/home/chris/Documents/Overflows/date11152014/mathgl-2.3.1/CMakeFiles/CMakeTmp'

Source file was:
#include <math.h>
int main(){double a=NAN, b=INFINITY;return 0;}
Performing C++ SOURCE FILE Test MGL_HAVE_ATTRIBUTE succeded with the following output:
Change Dir: /home/chris/Documents/Overflows/date11152014/mathgl-2.3.1/CMakeFiles/CMakeTmp

Run Build Command:/usr/bin/make "cmTryCompileExec2980963501/fast"
/usr/bin/make -f CMakeFiles/cmTryCompileExec2980963501.dir/build.make CMakeFiles/cmTryCompileExec2980963501.dir/build
make[1]: Entering directory `/home/chris/Documents/Overflows/date11152014/mathgl-2.3.1/CMakeFiles/CMakeTmp'
/usr/bin/cmake -E cmake_progress_report /home/chris/Documents/Overflows/date11152014/mathgl-2.3.1/CMakeFiles/CMakeTmp/CMakeFiles 1
Building CXX object CMakeFiles/cmTryCompileExec2980963501.dir/src.cxx.o
/usr/bin/c++    -DMGL_HAVE_ATTRIBUTE   -o CMakeFiles/cmTryCompileExec2980963501.dir/src.cxx.o -c /home/chris/Documents/Overflows/date11152014/mathgl-2.3.1/CMakeFiles/CMakeTmp/src.cxx
Linking CXX executable cmTryCompileExec2980963501
/usr/bin/cmake -E cmake_link_script CMakeFiles/cmTryCompileExec2980963501.dir/link.txt --verbose=1
/usr/bin/c++    -DMGL_HAVE_ATTRIBUTE    CMakeFiles/cmTryCompileExec2980963501.dir/src.cxx.o  -o cmTryCompileExec2980963501 -rdynamic 
make[1]: Leaving directory `/home/chris/Documents/Overflows/date11152014/mathgl-2.3.1/CMakeFiles/CMakeTmp'

Source file was:
int __attribute__((pure)) test1() {return 0;}
int __attribute__((const)) test2(int x) {return x*x;}
int main(int argc, char* argv[]) {return 0;}
Performing C++ SOURCE FILE Test MGL_HAVE_TYPEOF succeded with the following output:
Change Dir: /home/chris/Documents/Overflows/date11152014/mathgl-2.3.1/CMakeFiles/CMakeTmp

Run Build Command:/usr/bin/make "cmTryCompileExec3438966991/fast"
/usr/bin/make -f CMakeFiles/cmTryCompileExec3438966991.dir/build.make CMakeFiles/cmTryCompileExec3438966991.dir/build
make[1]: Entering directory `/home/chris/Documents/Overflows/date11152014/mathgl-2.3.1/CMakeFiles/CMakeTmp'
/usr/bin/cmake -E cmake_progress_report /home/chris/Documents/Overflows/date11152014/mathgl-2.3.1/CMakeFiles/CMakeTmp/CMakeFiles 1
Building CXX object CMakeFiles/cmTryCompileExec3438966991.dir/src.cxx.o
/usr/bin/c++    -DMGL_HAVE_TYPEOF   -o CMakeFiles/cmTryCompileExec3438966991.dir/src.cxx.o -c /home/chris/Documents/Overflows/date11152014/mathgl-2.3.1/CMakeFiles/CMakeTmp/src.cxx
Linking CXX executable cmTryCompileExec3438966991
/usr/bin/cmake -E cmake_link_script CMakeFiles/cmTryCompileExec3438966991.dir/link.txt --verbose=1
/usr/bin/c++    -DMGL_HAVE_TYPEOF    CMakeFiles/cmTryCompileExec3438966991.dir/src.cxx.o  -o cmTryCompileExec3438966991 -rdynamic 
make[1]: Leaving directory `/home/chris/Documents/Overflows/date11152014/mathgl-2.3.1/CMakeFiles/CMakeTmp'

Source file was:
#define mgl_isnum(a)	({typeof (a) _a = (a); _a==_a;})
int main(){bool a=mgl_isnum(1);return 0;}
Performing C SOURCE FILE Test OpenMP_FLAG_DETECTED succeded with the following output:
Change Dir: /home/chris/Documents/Overflows/date11152014/mathgl-2.3.1/CMakeFiles/CMakeTmp

Run Build Command:/usr/bin/make "cmTryCompileExec1855132961/fast"
/usr/bin/make -f CMakeFiles/cmTryCompileExec1855132961.dir/build.make CMakeFiles/cmTryCompileExec1855132961.dir/build
make[1]: Entering directory `/home/chris/Documents/Overflows/date11152014/mathgl-2.3.1/CMakeFiles/CMakeTmp'
/usr/bin/cmake -E cmake_progress_report /home/chris/Documents/Overflows/date11152014/mathgl-2.3.1/CMakeFiles/CMakeTmp/CMakeFiles 1
Building C object CMakeFiles/cmTryCompileExec1855132961.dir/src.c.o
/usr/bin/cc   -DOpenMP_FLAG_DETECTED -fopenmp   -o CMakeFiles/cmTryCompileExec1855132961.dir/src.c.o   -c /home/chris/Documents/Overflows/date11152014/mathgl-2.3.1/CMakeFiles/CMakeTmp/src.c
Linking C executable cmTryCompileExec1855132961
/usr/bin/cmake -E cmake_link_script CMakeFiles/cmTryCompileExec1855132961.dir/link.txt --verbose=1
/usr/bin/cc   -DOpenMP_FLAG_DETECTED -fopenmp    CMakeFiles/cmTryCompileExec1855132961.dir/src.c.o  -o cmTryCompileExec1855132961 -rdynamic 
make[1]: Leaving directory `/home/chris/Documents/Overflows/date11152014/mathgl-2.3.1/CMakeFiles/CMakeTmp'

Source file was:

#include <omp.h>
int main() {
#ifdef _OPENMP
  return 0;
#else
  breaks_on_purpose
#endif
}

Performing C++ SOURCE FILE Test OpenMP_FLAG_DETECTED succeded with the following output:
Change Dir: /home/chris/Documents/Overflows/date11152014/mathgl-2.3.1/CMakeFiles/CMakeTmp

Run Build Command:/usr/bin/make "cmTryCompileExec3638447482/fast"
/usr/bin/make -f CMakeFiles/cmTryCompileExec3638447482.dir/build.make CMakeFiles/cmTryCompileExec3638447482.dir/build
make[1]: Entering directory `/home/chris/Documents/Overflows/date11152014/mathgl-2.3.1/CMakeFiles/CMakeTmp'
/usr/bin/cmake -E cmake_progress_report /home/chris/Documents/Overflows/date11152014/mathgl-2.3.1/CMakeFiles/CMakeTmp/CMakeFiles 1
Building CXX object CMakeFiles/cmTryCompileExec3638447482.dir/src.cxx.o
/usr/bin/c++    -DOpenMP_FLAG_DETECTED -fopenmp   -o CMakeFiles/cmTryCompileExec3638447482.dir/src.cxx.o -c /home/chris/Documents/Overflows/date11152014/mathgl-2.3.1/CMakeFiles/CMakeTmp/src.cxx
Linking CXX executable cmTryCompileExec3638447482
/usr/bin/cmake -E cmake_link_script CMakeFiles/cmTryCompileExec3638447482.dir/link.txt --verbose=1
/usr/bin/c++    -DOpenMP_FLAG_DETECTED -fopenmp    CMakeFiles/cmTryCompileExec3638447482.dir/src.cxx.o  -o cmTryCompileExec3638447482 -rdynamic 
make[1]: Leaving directory `/home/chris/Documents/Overflows/date11152014/mathgl-2.3.1/CMakeFiles/CMakeTmp'

Source file was:

#include <omp.h>
int main() {
#ifdef _OPENMP
  return 0;
#else
  breaks_on_purpose
#endif
}

Performing C++ SOURCE FILE Test COMPILER_HAS_HIDDEN_VISIBILITY succeded with the following output:
Change Dir: /home/chris/Documents/Overflows/date11152014/mathgl-2.3.1/CMakeFiles/CMakeTmp

Run Build Command:/usr/bin/make "cmTryCompileExec1255468442/fast"
/usr/bin/make -f CMakeFiles/cmTryCompileExec1255468442.dir/build.make CMakeFiles/cmTryCompileExec1255468442.dir/build
make[1]: Entering directory `/home/chris/Documents/Overflows/date11152014/mathgl-2.3.1/CMakeFiles/CMakeTmp'
/usr/bin/cmake -E cmake_progress_report /home/chris/Documents/Overflows/date11152014/mathgl-2.3.1/CMakeFiles/CMakeTmp/CMakeFiles 1
Building CXX object CMakeFiles/cmTryCompileExec1255468442.dir/src.cxx.o
/usr/bin/c++    -fopenmp -DCOMPILER_HAS_HIDDEN_VISIBILITY   -fvisibility=hidden -o CMakeFiles/cmTryCompileExec1255468442.dir/src.cxx.o -c /home/chris/Documents/Overflows/date11152014/mathgl-2.3.1/CMakeFiles/CMakeTmp/src.cxx
Linking CXX executable cmTryCompileExec1255468442
/usr/bin/cmake -E cmake_link_script CMakeFiles/cmTryCompileExec1255468442.dir/link.txt --verbose=1
/usr/bin/c++    -fopenmp -DCOMPILER_HAS_HIDDEN_VISIBILITY    CMakeFiles/cmTryCompileExec1255468442.dir/src.cxx.o  -o cmTryCompileExec1255468442 -rdynamic 
make[1]: Leaving directory `/home/chris/Documents/Overflows/date11152014/mathgl-2.3.1/CMakeFiles/CMakeTmp'

Source file was:
int main() { return 0;}
Performing C++ SOURCE FILE Test COMPILER_HAS_HIDDEN_INLINE_VISIBILITY succeded with the following output:
Change Dir: /home/chris/Documents/Overflows/date11152014/mathgl-2.3.1/CMakeFiles/CMakeTmp

Run Build Command:/usr/bin/make "cmTryCompileExec2101374313/fast"
/usr/bin/make -f CMakeFiles/cmTryCompileExec2101374313.dir/build.make CMakeFiles/cmTryCompileExec2101374313.dir/build
make[1]: Entering directory `/home/chris/Documents/Overflows/date11152014/mathgl-2.3.1/CMakeFiles/CMakeTmp'
/usr/bin/cmake -E cmake_progress_report /home/chris/Documents/Overflows/date11152014/mathgl-2.3.1/CMakeFiles/CMakeTmp/CMakeFiles 1
Building CXX object CMakeFiles/cmTryCompileExec2101374313.dir/src.cxx.o
/usr/bin/c++    -fopenmp -DCOMPILER_HAS_HIDDEN_INLINE_VISIBILITY   -fvisibility-inlines-hidden -o CMakeFiles/cmTryCompileExec2101374313.dir/src.cxx.o -c /home/chris/Documents/Overflows/date11152014/mathgl-2.3.1/CMakeFiles/CMakeTmp/src.cxx
Linking CXX executable cmTryCompileExec2101374313
/usr/bin/cmake -E cmake_link_script CMakeFiles/cmTryCompileExec2101374313.dir/link.txt --verbose=1
/usr/bin/c++    -fopenmp -DCOMPILER_HAS_HIDDEN_INLINE_VISIBILITY    CMakeFiles/cmTryCompileExec2101374313.dir/src.cxx.o  -o cmTryCompileExec2101374313 -rdynamic 
make[1]: Leaving directory `/home/chris/Documents/Overflows/date11152014/mathgl-2.3.1/CMakeFiles/CMakeTmp'

Source file was:
int main() { return 0;}
Performing C++ SOURCE FILE Test COMPILER_HAS_DEPRECATED_ATTR succeded with the following output:
Change Dir: /home/chris/Documents/Overflows/date11152014/mathgl-2.3.1/CMakeFiles/CMakeTmp

Run Build Command:/usr/bin/make "cmTryCompileExec695433910/fast"
/usr/bin/make -f CMakeFiles/cmTryCompileExec695433910.dir/build.make CMakeFiles/cmTryCompileExec695433910.dir/build
make[1]: Entering directory `/home/chris/Documents/Overflows/date11152014/mathgl-2.3.1/CMakeFiles/CMakeTmp'
/usr/bin/cmake -E cmake_progress_report /home/chris/Documents/Overflows/date11152014/mathgl-2.3.1/CMakeFiles/CMakeTmp/CMakeFiles 1
Building CXX object CMakeFiles/cmTryCompileExec695433910.dir/src.cxx.o
/usr/bin/c++    -fopenmp -DCOMPILER_HAS_DEPRECATED_ATTR   -o CMakeFiles/cmTryCompileExec695433910.dir/src.cxx.o -c /home/chris/Documents/Overflows/date11152014/mathgl-2.3.1/CMakeFiles/CMakeTmp/src.cxx
/home/chris/Documents/Overflows/date11152014/mathgl-2.3.1/CMakeFiles/CMakeTmp/src.cxx: In function ‘int main()’:
/home/chris/Documents/Overflows/date11152014/mathgl-2.3.1/CMakeFiles/CMakeTmp/src.cxx:2:25: warning: ‘int somefunc()’ is deprecated (declared at /home/chris/Documents/Overflows/date11152014/mathgl-2.3.1/CMakeFiles/CMakeTmp/src.cxx:1) [-Wdeprecated-declarations]
     int main() { return somefunc();}
                         ^
/home/chris/Documents/Overflows/date11152014/mathgl-2.3.1/CMakeFiles/CMakeTmp/src.cxx:2:34: warning: ‘int somefunc()’ is deprecated (declared at /home/chris/Documents/Overflows/date11152014/mathgl-2.3.1/CMakeFiles/CMakeTmp/src.cxx:1) [-Wdeprecated-declarations]
     int main() { return somefunc();}
                                  ^
Linking CXX executable cmTryCompileExec695433910
/usr/bin/cmake -E cmake_link_script CMakeFiles/cmTryCompileExec695433910.dir/link.txt --verbose=1
/usr/bin/c++    -fopenmp -DCOMPILER_HAS_DEPRECATED_ATTR    CMakeFiles/cmTryCompileExec695433910.dir/src.cxx.o  -o cmTryCompileExec695433910 -rdynamic 
make[1]: Leaving directory `/home/chris/Documents/Overflows/date11152014/mathgl-2.3.1/CMakeFiles/CMakeTmp'

Source file was:
__attribute__((__deprecated__)) int somefunc() { return 0; }
    int main() { return somefunc();}
Determining if the function XOpenDisplay exists in the /usr/lib/x86_64-linux-gnu/libX11.so;/usr/lib/x86_64-linux-gnu/libXext.so passed with the following output:
Change Dir: /home/chris/Documents/Overflows/date11152014/mathgl-2.3.1/CMakeFiles/CMakeTmp

Run Build Command:/usr/bin/make "cmTryCompileExec1950667722/fast"
/usr/bin/make -f CMakeFiles/cmTryCompileExec1950667722.dir/build.make CMakeFiles/cmTryCompileExec1950667722.dir/build
make[1]: Entering directory `/home/chris/Documents/Overflows/date11152014/mathgl-2.3.1/CMakeFiles/CMakeTmp'
/usr/bin/cmake -E cmake_progress_report /home/chris/Documents/Overflows/date11152014/mathgl-2.3.1/CMakeFiles/CMakeTmp/CMakeFiles 1
Building C object CMakeFiles/cmTryCompileExec1950667722.dir/CheckFunctionExists.c.o
/usr/bin/cc   -fopenmp -DCHECK_FUNCTION_EXISTS=XOpenDisplay   -o CMakeFiles/cmTryCompileExec1950667722.dir/CheckFunctionExists.c.o   -c /usr/share/cmake-2.8/Modules/CheckFunctionExists.c
Linking C executable cmTryCompileExec1950667722
/usr/bin/cmake -E cmake_link_script CMakeFiles/cmTryCompileExec1950667722.dir/link.txt --verbose=1
/usr/bin/cc   -fopenmp -DCHECK_FUNCTION_EXISTS=XOpenDisplay    CMakeFiles/cmTryCompileExec1950667722.dir/CheckFunctionExists.c.o  -o cmTryCompileExec1950667722 -rdynamic -lX11 -lXext 
make[1]: Leaving directory `/home/chris/Documents/Overflows/date11152014/mathgl-2.3.1/CMakeFiles/CMakeTmp'


Determining if the function gethostbyname exists passed with the following output:
Change Dir: /home/chris/Documents/Overflows/date11152014/mathgl-2.3.1/CMakeFiles/CMakeTmp

Run Build Command:/usr/bin/make "cmTryCompileExec1247111891/fast"
/usr/bin/make -f CMakeFiles/cmTryCompileExec1247111891.dir/build.make CMakeFiles/cmTryCompileExec1247111891.dir/build
make[1]: Entering directory `/home/chris/Documents/Overflows/date11152014/mathgl-2.3.1/CMakeFiles/CMakeTmp'
/usr/bin/cmake -E cmake_progress_report /home/chris/Documents/Overflows/date11152014/mathgl-2.3.1/CMakeFiles/CMakeTmp/CMakeFiles 1
Building C object CMakeFiles/cmTryCompileExec1247111891.dir/CheckFunctionExists.c.o
/usr/bin/cc   -fopenmp -DCHECK_FUNCTION_EXISTS=gethostbyname   -o CMakeFiles/cmTryCompileExec1247111891.dir/CheckFunctionExists.c.o   -c /usr/share/cmake-2.8/Modules/CheckFunctionExists.c
Linking C executable cmTryCompileExec1247111891
/usr/bin/cmake -E cmake_link_script CMakeFiles/cmTryCompileExec1247111891.dir/link.txt --verbose=1
/usr/bin/cc   -fopenmp -DCHECK_FUNCTION_EXISTS=gethostbyname    CMakeFiles/cmTryCompileExec1247111891.dir/CheckFunctionExists.c.o  -o cmTryCompileExec1247111891 -rdynamic 
make[1]: Leaving directory `/home/chris/Documents/Overflows/date11152014/mathgl-2.3.1/CMakeFiles/CMakeTmp'


Determining if the function connect exists passed with the following output:
Change Dir: /home/chris/Documents/Overflows/date11152014/mathgl-2.3.1/CMakeFiles/CMakeTmp

Run Build Command:/usr/bin/make "cmTryCompileExec1260539097/fast"
/usr/bin/make -f CMakeFiles/cmTryCompileExec1260539097.dir/build.make CMakeFiles/cmTryCompileExec1260539097.dir/build
make[1]: Entering directory `/home/chris/Documents/Overflows/date11152014/mathgl-2.3.1/CMakeFiles/CMakeTmp'
/usr/bin/cmake -E cmake_progress_report /home/chris/Documents/Overflows/date11152014/mathgl-2.3.1/CMakeFiles/CMakeTmp/CMakeFiles 1
Building C object CMakeFiles/cmTryCompileExec1260539097.dir/CheckFunctionExists.c.o
/usr/bin/cc   -fopenmp -DCHECK_FUNCTION_EXISTS=connect   -o CMakeFiles/cmTryCompileExec1260539097.dir/CheckFunctionExists.c.o   -c /usr/share/cmake-2.8/Modules/CheckFunctionExists.c
Linking C executable cmTryCompileExec1260539097
/usr/bin/cmake -E cmake_link_script CMakeFiles/cmTryCompileExec1260539097.dir/link.txt --verbose=1
/usr/bin/cc   -fopenmp -DCHECK_FUNCTION_EXISTS=connect    CMakeFiles/cmTryCompileExec1260539097.dir/CheckFunctionExists.c.o  -o cmTryCompileExec1260539097 -rdynamic 
make[1]: Leaving directory `/home/chris/Documents/Overflows/date11152014/mathgl-2.3.1/CMakeFiles/CMakeTmp'


Determining if the function remove exists passed with the following output:
Change Dir: /home/chris/Documents/Overflows/date11152014/mathgl-2.3.1/CMakeFiles/CMakeTmp

Run Build Command:/usr/bin/make "cmTryCompileExec2105180386/fast"
/usr/bin/make -f CMakeFiles/cmTryCompileExec2105180386.dir/build.make CMakeFiles/cmTryCompileExec2105180386.dir/build
make[1]: Entering directory `/home/chris/Documents/Overflows/date11152014/mathgl-2.3.1/CMakeFiles/CMakeTmp'
/usr/bin/cmake -E cmake_progress_report /home/chris/Documents/Overflows/date11152014/mathgl-2.3.1/CMakeFiles/CMakeTmp/CMakeFiles 1
Building C object CMakeFiles/cmTryCompileExec2105180386.dir/CheckFunctionExists.c.o
/usr/bin/cc   -fopenmp -DCHECK_FUNCTION_EXISTS=remove   -o CMakeFiles/cmTryCompileExec2105180386.dir/CheckFunctionExists.c.o   -c /usr/share/cmake-2.8/Modules/CheckFunctionExists.c
Linking C executable cmTryCompileExec2105180386
/usr/bin/cmake -E cmake_link_script CMakeFiles/cmTryCompileExec2105180386.dir/link.txt --verbose=1
/usr/bin/cc   -fopenmp -DCHECK_FUNCTION_EXISTS=remove    CMakeFiles/cmTryCompileExec2105180386.dir/CheckFunctionExists.c.o  -o cmTryCompileExec2105180386 -rdynamic 
make[1]: Leaving directory `/home/chris/Documents/Overflows/date11152014/mathgl-2.3.1/CMakeFiles/CMakeTmp'


Determining if the function shmat exists passed with the following output:
Change Dir: /home/chris/Documents/Overflows/date11152014/mathgl-2.3.1/CMakeFiles/CMakeTmp

Run Build Command:/usr/bin/make "cmTryCompileExec2502975920/fast"
/usr/bin/make -f CMakeFiles/cmTryCompileExec2502975920.dir/build.make CMakeFiles/cmTryCompileExec2502975920.dir/build
make[1]: Entering directory `/home/chris/Documents/Overflows/date11152014/mathgl-2.3.1/CMakeFiles/CMakeTmp'
/usr/bin/cmake -E cmake_progress_report /home/chris/Documents/Overflows/date11152014/mathgl-2.3.1/CMakeFiles/CMakeTmp/CMakeFiles 1
Building C object CMakeFiles/cmTryCompileExec2502975920.dir/CheckFunctionExists.c.o
/usr/bin/cc   -fopenmp -DCHECK_FUNCTION_EXISTS=shmat   -o CMakeFiles/cmTryCompileExec2502975920.dir/CheckFunctionExists.c.o   -c /usr/share/cmake-2.8/Modules/CheckFunctionExists.c
Linking C executable cmTryCompileExec2502975920
/usr/bin/cmake -E cmake_link_script CMakeFiles/cmTryCompileExec2502975920.dir/link.txt --verbose=1
/usr/bin/cc   -fopenmp -DCHECK_FUNCTION_EXISTS=shmat    CMakeFiles/cmTryCompileExec2502975920.dir/CheckFunctionExists.c.o  -o cmTryCompileExec2502975920 -rdynamic 
make[1]: Leaving directory `/home/chris/Documents/Overflows/date11152014/mathgl-2.3.1/CMakeFiles/CMakeTmp'


Determining if the function IceConnectionNumber exists in the ICE passed with the following output:
Change Dir: /home/chris/Documents/Overflows/date11152014/mathgl-2.3.1/CMakeFiles/CMakeTmp

Run Build Command:/usr/bin/make "cmTryCompileExec133290199/fast"
/usr/bin/make -f CMakeFiles/cmTryCompileExec133290199.dir/build.make CMakeFiles/cmTryCompileExec133290199.dir/build
make[1]: Entering directory `/home/chris/Documents/Overflows/date11152014/mathgl-2.3.1/CMakeFiles/CMakeTmp'
/usr/bin/cmake -E cmake_progress_report /home/chris/Documents/Overflows/date11152014/mathgl-2.3.1/CMakeFiles/CMakeTmp/CMakeFiles 1
Building C object CMakeFiles/cmTryCompileExec133290199.dir/CheckFunctionExists.c.o
/usr/bin/cc   -fopenmp -DCHECK_FUNCTION_EXISTS=IceConnectionNumber   -o CMakeFiles/cmTryCompileExec133290199.dir/CheckFunctionExists.c.o   -c /usr/share/cmake-2.8/Modules/CheckFunctionExists.c
Linking C executable cmTryCompileExec133290199
/usr/bin/cmake -E cmake_link_script CMakeFiles/cmTryCompileExec133290199.dir/link.txt --verbose=1
/usr/bin/cc   -fopenmp -DCHECK_FUNCTION_EXISTS=IceConnectionNumber    CMakeFiles/cmTryCompileExec133290199.dir/CheckFunctionExists.c.o  -o cmTryCompileExec133290199 -rdynamic -lICE 
make[1]: Leaving directory `/home/chris/Documents/Overflows/date11152014/mathgl-2.3.1/CMakeFiles/CMakeTmp'


